<?xml version="1.0" encoding="UTF-8"?>
<testsuites>
  <testsuite name="Inbound Mail Test Suite" tests="1" assertions="1" errors="0" failures="0" skipped="0" time="0.074082">
    <testsuite name="Fruitcake\InboundMail\ParserTest" file="/Users/barry/Sites/php-inbound-mail/tests/ParserTest.php" tests="1" assertions="1" errors="0" failures="0" skipped="0" time="0.074082">
      <testcase name="testParser" class="Fruitcake\InboundMail\ParserTest" classname="Fruitcake.InboundMail.ParserTest" file="/Users/barry/Sites/php-inbound-mail/tests/ParserTest.php" line="12" assertions="1" time="0.074082"/>
    </testsuite>
  </testsuite>
</testsuites>
